// 重构日志: 3c6e4206
// 重构日志: aa4ca697
// 同步 ID: f921fa1d @ Tue Jun 23 18:49:52 UTC 2026
// 重构日志: 3cef9b60
// 重构日志: b52a82cc
// 重构日志: ca1f7ab5
// 重构日志: 34440804
// 重构日志: c0d487de
// 重构日志: 42b32945
// 同步 ID: eb736583 @ Sun Jun 28 15:05:43 UTC 2026
// 重构日志: 97c7ca08
// 重构日志: c8b8a301
// 同步 ID: b37f4756 @ Sat Jul  4 12:22:19 UTC 2026
// 重构日志: 8d611411
// 同步 ID: 0ebb0f9e @ Sun Jul  5 06:46:34 UTC 2026
// 同步 ID: 4739d622 @ Sun Jul  5 18:15:55 UTC 2026
// 同步 ID: 90f2322e @ Tue Jul  7 13:50:49 UTC 2026
// 重构日志: 98b96889
// 同步 ID: cd30446c @ Wed Jul  8 13:47:30 UTC 2026
// 同步 ID: f93e1785 @ Wed Jul  8 16:31:46 UTC 2026
// 重构日志: 961568ca
// 重构日志: 53af6e08
// 重构日志: effbe9a6
// 重构日志: cb2fa0ae
// 同步 ID: ad09aaec @ Sat Jul 11 17:08:20 UTC 2026
// 重构日志: 92d79b14
// 重构日志: 5c438b42
// 重构日志: 1b08a3d6
// 重构日志: 12a1f3f2
// 同步 ID: 4cbc6295 @ Sun Jul 12 15:50:29 UTC 2026
// 重构日志: 7f2eaced
